<?xml version="1.0" encoding="UTF-8"?>
<testng-results skipped="0" failed="0" ignored="0" total="1" passed="1">
  <reporter-output>
  </reporter-output>
  <suite name="Default suite" duration-ms="7863" started-at="2019-10-14T18:34:38 IST" finished-at="2019-10-14T18:34:46 IST">
    <groups>
    </groups>
    <test name="Default test" duration-ms="7863" started-at="2019-10-14T18:34:38 IST" finished-at="2019-10-14T18:34:46 IST">
      <class name="MultipleScreenShot">
        <test-method status="PASS" signature="initDriver()[pri:0, instance:MultipleScreenShot@49fc609f]" name="initDriver" is-config="true" duration-ms="4222" started-at="2019-10-14T18:34:38 IST" finished-at="2019-10-14T18:34:42 IST">
          <reporter-output>
          </reporter-output>
        </test-method> <!-- initDriver -->
        <test-method status="PASS" signature="setup()[pri:0, instance:MultipleScreenShot@49fc609f]" name="setup" is-config="true" duration-ms="2978" started-at="2019-10-14T18:34:42 IST" finished-at="2019-10-14T18:34:45 IST">
          <reporter-output>
          </reporter-output>
        </test-method> <!-- setup -->
        <test-method status="PASS" signature="passScreenCapture()[pri:0, instance:MultipleScreenShot@49fc609f]" name="passScreenCapture" duration-ms="522" started-at="2019-10-14T18:34:45 IST" finished-at="2019-10-14T18:34:46 IST">
          <reporter-output>
          </reporter-output>
        </test-method> <!-- passScreenCapture -->
        <test-method status="PASS" signature="teardown()[pri:0, instance:MultipleScreenShot@49fc609f]" name="teardown" is-config="true" duration-ms="113" started-at="2019-10-14T18:34:46 IST" finished-at="2019-10-14T18:34:46 IST">
          <reporter-output>
          </reporter-output>
        </test-method> <!-- teardown -->
      </class> <!-- MultipleScreenShot -->
    </test> <!-- Default test -->
  </suite> <!-- Default suite -->
</testng-results>
